<?xml version="1.0" encoding="UTF-8"?>
<!-- Generated by org.testng.reporters.JUnitReportReporter -->
<testsuite hostname="DESKTOP-L12U9K0" failures="0" tests="1" name="runners.NewTestRunner" time="31.786" errors="0" timestamp="8 Apr 2021 15:31:55 GMT">
  <testcase classname="runners.NewTestRunner" name="feature" time="31.786"/>
</testsuite> <!-- runners.NewTestRunner -->
