<?xml version="1.0" encoding="UTF-8"?>
<!-- Generated by org.testng.reporters.JUnitReportReporter -->
<testsuite hostname="DESKTOP-L12U9K0" failures="0" tests="1" name="runners.NewTestRunner" time="42.052" errors="0" timestamp="8 Apr 2021 12:25:02 GMT">
  <testcase classname="runners.NewTestRunner" name="feature" time="42.052"/>
</testsuite> <!-- runners.NewTestRunner -->
